{"/Users/vhovhannisyan/Downloads/date-master/lang/uk.js": {"path":"/Users/vhovhannisyan/Downloads/date-master/lang/uk.js","statementMap":{"0":{"start":{"line":1,"column":24},"end":{"line":10,"column":1}},"1":{"start":{"line":3,"column":8},"end":{"line":8,"column":9}},"2":{"start":{"line":4,"column":12},"end":{"line":6,"column":13}},"3":{"start":{"line":5,"column":16},"end":{"line":5,"column":39}},"4":{"start":{"line":7,"column":12},"end":{"line":7,"column":33}},"5":{"start":{"line":12,"column":0},"end":{"line":39,"column":3}},"6":{"start":{"line":18,"column":25},"end":{"line":18,"column":81}},"7":{"start":{"line":19,"column":8},"end":{"line":19,"column":55}},"8":{"start":{"line":23,"column":8},"end":{"line":23,"column":50}},"9":{"start":{"line":29,"column":8},"end":{"line":37,"column":9}},"10":{"start":{"line":30,"column":12},"end":{"line":30,"column":26}},"11":{"start":{"line":31,"column":15},"end":{"line":37,"column":9}},"12":{"start":{"line":32,"column":12},"end":{"line":32,"column":27}},"13":{"start":{"line":33,"column":15},"end":{"line":37,"column":9}},"14":{"start":{"line":34,"column":12},"end":{"line":34,"column":25}},"15":{"start":{"line":36,"column":12},"end":{"line":36,"column":28}}},"fnMap":{"0":{"name":"(anonymous_0)","decl":{"start":{"line":2,"column":4},"end":{"line":2,"column":5}},"loc":{"start":{"line":2,"column":27},"end":{"line":9,"column":5}},"line":2},"1":{"name":"(anonymous_1)","decl":{"start":{"line":17,"column":12},"end":{"line":17,"column":13}},"loc":{"start":{"line":17,"column":36},"end":{"line":20,"column":5}},"line":17},"2":{"name":"(anonymous_2)","decl":{"start":{"line":22,"column":17},"end":{"line":22,"column":18}},"loc":{"start":{"line":22,"column":33},"end":{"line":24,"column":5}},"line":22},"3":{"name":"(anonymous_3)","decl":{"start":{"line":28,"column":14},"end":{"line":28,"column":15}},"loc":{"start":{"line":28,"column":30},"end":{"line":38,"column":5}},"line":28}},"branchMap":{"0":{"loc":{"start":{"line":3,"column":8},"end":{"line":8,"column":9}},"type":"if","locations":[{"start":{"line":3,"column":8},"end":{"line":8,"column":9}},{"start":{},"end":{}}],"line":3},"1":{"loc":{"start":{"line":4,"column":12},"end":{"line":6,"column":13}},"type":"if","locations":[{"start":{"line":4,"column":12},"end":{"line":6,"column":13}},{"start":{},"end":{}}],"line":4},"2":{"loc":{"start":{"line":18,"column":25},"end":{"line":18,"column":81}},"type":"cond-expr","locations":[{"start":{"line":18,"column":54},"end":{"line":18,"column":66}},{"start":{"line":18,"column":69},"end":{"line":18,"column":81}}],"line":18},"3":{"loc":{"start":{"line":29,"column":8},"end":{"line":37,"column":9}},"type":"if","locations":[{"start":{"line":29,"column":8},"end":{"line":37,"column":9}},{"start":{"line":31,"column":15},"end":{"line":37,"column":9}}],"line":29},"4":{"loc":{"start":{"line":31,"column":15},"end":{"line":37,"column":9}},"type":"if","locations":[{"start":{"line":31,"column":15},"end":{"line":37,"column":9}},{"start":{"line":33,"column":15},"end":{"line":37,"column":9}}],"line":31},"5":{"loc":{"start":{"line":33,"column":15},"end":{"line":37,"column":9}},"type":"if","locations":[{"start":{"line":33,"column":15},"end":{"line":37,"column":9}},{"start":{"line":35,"column":15},"end":{"line":37,"column":9}}],"line":33}},"s":{"0":1,"1":2,"2":2,"3":1,"4":2,"5":1,"6":2,"7":2,"8":1,"9":4,"10":1,"11":3,"12":1,"13":2,"14":1,"15":1},"f":{"0":2,"1":2,"2":1,"3":4},"b":{"0":[2,0],"1":[1,1],"2":[1,1],"3":[1,3],"4":[1,2],"5":[1,1]},"_coverageSchema":"1a1c01bbd47fc00a2c39e90264f33305004495a9","hash":"28552918340fa8c77757f96bf7242c2cecaef5b9"}
}
