TN:
SF:lang/uk.js
FN:2,(anonymous_0)
FN:17,(anonymous_1)
FN:22,(anonymous_2)
FN:28,(anonymous_3)
FNF:4
FNH:4
FNDA:2,(anonymous_0)
FNDA:2,(anonymous_1)
FNDA:1,(anonymous_2)
FNDA:4,(anonymous_3)
DA:1,1
DA:3,2
DA:4,2
DA:5,1
DA:7,2
DA:12,1
DA:18,2
DA:19,2
DA:23,1
DA:29,4
DA:30,1
DA:31,3
DA:32,1
DA:33,2
DA:34,1
DA:36,1
LF:16
LH:16
BRDA:3,0,0,2
BRDA:3,0,1,0
BRDA:4,1,0,1
BRDA:4,1,1,1
BRDA:18,2,0,1
BRDA:18,2,1,1
BRDA:29,3,0,1
BRDA:29,3,1,3
BRDA:31,4,0,1
BRDA:31,4,1,2
BRDA:33,5,0,1
BRDA:33,5,1,1
BRF:12
BRH:11
end_of_record
